<?xml version="1.0" encoding="UTF-8"?>
<testsuite xmlns:xsi="http://www.w3.org/2001/XMLSchema-instance" xsi:noNamespaceSchemaLocation="https://maven.apache.org/surefire/maven-surefire-plugin/xsd/surefire-test-report.xsd" version="3.0.2" name="PersonTest" time="0.051" tests="15" errors="0" skipped="0" failures="0">
  <properties>
    <property name="java.specification.version" value="23"/>
    <property name="sun.jnu.encoding" value="UTF-8"/>
    <property name="java.class.path" value="/Users/matthewkwong/VSProject/School Assignment/rmit-computing-technologies-team75-ISYS1118/target/test-classes:/Users/matthewkwong/VSProject/School Assignment/rmit-computing-technologies-team75-ISYS1118/target/classes:/Users/matthewkwong/.m2/repository/org/junit/jupiter/junit-jupiter-api/5.12.2/junit-jupiter-api-5.12.2.jar:/Users/matthewkwong/.m2/repository/org/opentest4j/opentest4j/1.3.0/opentest4j-1.3.0.jar:/Users/matthewkwong/.m2/repository/org/junit/platform/junit-platform-commons/1.12.2/junit-platform-commons-1.12.2.jar:/Users/matthewkwong/.m2/repository/org/apiguardian/apiguardian-api/1.1.2/apiguardian-api-1.1.2.jar:/Users/matthewkwong/.m2/repository/org/junit/jupiter/junit-jupiter-engine/5.12.2/junit-jupiter-engine-5.12.2.jar:/Users/matthewkwong/.m2/repository/org/junit/platform/junit-platform-engine/1.12.2/junit-platform-engine-1.12.2.jar:"/>
    <property name="java.vm.vendor" value="Homebrew"/>
    <property name="sun.arch.data.model" value="64"/>
    <property name="java.vendor.url" value="https://github.com/Homebrew/homebrew-core/issues"/>
    <property name="user.timezone" value="Australia/Melbourne"/>
    <property name="os.name" value="Mac OS X"/>
    <property name="java.vm.specification.version" value="23"/>
    <property name="sun.java.launcher" value="SUN_STANDARD"/>
    <property name="user.country" value="AU"/>
    <property name="sun.boot.library.path" value="/opt/homebrew/Cellar/openjdk/23.0.2/libexec/openjdk.jdk/Contents/Home/lib"/>
    <property name="sun.java.command" value="/Users/matthewkwong/VSProject/School Assignment/rmit-computing-technologies-team75-ISYS1118/target/surefire/surefirebooter-20250606160212945_3.jar /Users/matthewkwong/VSProject/School Assignment/rmit-computing-technologies-team75-ISYS1118/target/surefire 2025-06-06T16-02-12_911-jvmRun1 surefire-20250606160212945_1tmp surefire_0-20250606160212945_2tmp"/>
    <property name="http.nonProxyHosts" value="local|*.local|169.254/16|*.169.254/16"/>
    <property name="jdk.debug" value="release"/>
    <property name="surefire.test.class.path" value="/Users/matthewkwong/VSProject/School Assignment/rmit-computing-technologies-team75-ISYS1118/target/test-classes:/Users/matthewkwong/VSProject/School Assignment/rmit-computing-technologies-team75-ISYS1118/target/classes:/Users/matthewkwong/.m2/repository/org/junit/jupiter/junit-jupiter-api/5.12.2/junit-jupiter-api-5.12.2.jar:/Users/matthewkwong/.m2/repository/org/opentest4j/opentest4j/1.3.0/opentest4j-1.3.0.jar:/Users/matthewkwong/.m2/repository/org/junit/platform/junit-platform-commons/1.12.2/junit-platform-commons-1.12.2.jar:/Users/matthewkwong/.m2/repository/org/apiguardian/apiguardian-api/1.1.2/apiguardian-api-1.1.2.jar:/Users/matthewkwong/.m2/repository/org/junit/jupiter/junit-jupiter-engine/5.12.2/junit-jupiter-engine-5.12.2.jar:/Users/matthewkwong/.m2/repository/org/junit/platform/junit-platform-engine/1.12.2/junit-platform-engine-1.12.2.jar:"/>
    <property name="sun.cpu.endian" value="little"/>
    <property name="user.home" value="/Users/matthewkwong"/>
    <property name="user.language" value="en"/>
    <property name="java.specification.vendor" value="Oracle Corporation"/>
    <property name="java.version.date" value="2025-01-21"/>
    <property name="java.home" value="/opt/homebrew/Cellar/openjdk/23.0.2/libexec/openjdk.jdk/Contents/Home"/>
    <property name="file.separator" value="/"/>
    <property name="basedir" value="/Users/matthewkwong/VSProject/School Assignment/rmit-computing-technologies-team75-ISYS1118"/>
    <property name="java.vm.compressedOopsMode" value="Zero based"/>
    <property name="line.separator" value="&#10;"/>
    <property name="java.vm.specification.vendor" value="Oracle Corporation"/>
    <property name="java.specification.name" value="Java Platform API Specification"/>
    <property name="apple.awt.application.name" value="ForkedBooter"/>
    <property name="surefire.real.class.path" value="/Users/matthewkwong/VSProject/School Assignment/rmit-computing-technologies-team75-ISYS1118/target/surefire/surefirebooter-20250606160212945_3.jar"/>
    <property name="sun.management.compiler" value="HotSpot 64-Bit Tiered Compilers"/>
    <property name="ftp.nonProxyHosts" value="local|*.local|169.254/16|*.169.254/16"/>
    <property name="java.runtime.version" value="23.0.2"/>
    <property name="user.name" value="matthewkwong"/>
    <property name="stdout.encoding" value="UTF-8"/>
    <property name="path.separator" value=":"/>
    <property name="os.version" value="15.5"/>
    <property name="java.runtime.name" value="OpenJDK Runtime Environment"/>
    <property name="file.encoding" value="UTF-8"/>
    <property name="java.vm.name" value="OpenJDK 64-Bit Server VM"/>
    <property name="java.vendor.version" value="Homebrew"/>
    <property name="localRepository" value="/Users/matthewkwong/.m2/repository"/>
    <property name="java.vendor.url.bug" value="https://github.com/Homebrew/homebrew-core/issues"/>
    <property name="java.io.tmpdir" value="/var/folders/d4/0yl1ntlj50136ldg_x3y9cw40000gn/T/"/>
    <property name="java.version" value="23.0.2"/>
    <property name="user.dir" value="/Users/matthewkwong/VSProject/School Assignment/rmit-computing-technologies-team75-ISYS1118"/>
    <property name="os.arch" value="aarch64"/>
    <property name="java.vm.specification.name" value="Java Virtual Machine Specification"/>
    <property name="native.encoding" value="UTF-8"/>
    <property name="java.library.path" value="/Users/matthewkwong/Library/Java/Extensions:/Library/Java/Extensions:/Network/Library/Java/Extensions:/System/Library/Java/Extensions:/usr/lib/java:."/>
    <property name="java.vm.info" value="mixed mode, sharing"/>
    <property name="stderr.encoding" value="UTF-8"/>
    <property name="java.vendor" value="Homebrew"/>
    <property name="java.vm.version" value="23.0.2"/>
    <property name="sun.io.unicode.encoding" value="UnicodeBig"/>
    <property name="socksNonProxyHosts" value="local|*.local|169.254/16|*.169.254/16"/>
    <property name="java.class.version" value="67.0"/>
  </properties>
  <testcase name="testUnderageChangeAddress" classname="PersonTest" time="0.029">
    <system-out><![CDATA[56s_d%&fAB Matthew Kwong 32|Lilac Street|Melbourne|Victoria|Australia 19-11-2010
   42|La Trobe Street|Melbourne|Victoria|Australia 
You are not eligible to update address as you are under 18 years old or address format is invalid.
]]></system-out>
  </testcase>
  <testcase name="testInputOutOfBounds" classname="PersonTest" time="0.0">
    <system-out><![CDATA[Invalid demerit point: 9
]]></system-out>
  </testcase>
  <testcase name="testAddPersonValid" classname="PersonTest" time="0.001"/>
  <testcase name="testChangeIDFirstCharacterEven" classname="PersonTest" time="0.001">
    <system-out><![CDATA[46s_d%&fAB Matthew Kwong 32|Lilac Street|Melbourne|Victoria|Australia 19-11-2000
56s_d%&fAB    
Invalid Person ID format or ID starts with an even number.
]]></system-out>
  </testcase>
  <testcase name="testInvalidIDLength" classname="PersonTest" time="0.001"/>
  <testcase name="testValidDemeritInput" classname="PersonTest" time="0.003">
    <system-out><![CDATA[File already exists.
License suspended: false
]]></system-out>
  </testcase>
  <testcase name="testInvalidBirthDateFormat" classname="PersonTest" time="0.001"/>
  <testcase name="testInvalidDateFormat" classname="PersonTest" time="0.001">
    <system-out><![CDATA[Incorrect date format
]]></system-out>
  </testcase>
  <testcase name="testValidInformationChange" classname="PersonTest" time="0.001">
    <system-out><![CDATA[56s_d%&fAB Matthew Kwong 32|Lilac Street|Melbourne|Victoria|Australia 19-11-2000
   42|Lilac Street|Melbourne|Victoria|Australia 
]]></system-out>
  </testcase>
  <testcase name="testInvalidIDLengthAndInvalidState" classname="PersonTest" time="0.001"/>
  <testcase name="testMultipleFieldUpdate" classname="PersonTest" time="0.001">
    <system-out><![CDATA[56s_d%&fAB Matthew Kwong 32|Lilac Street|Melbourne|Victoria|Australia 19-11-2010
 Kevin  42|Little Collins Street|Melbourne|Victoria|Australia 20-19-2000
Invalid birthdate format. Please use dd-MM-yyyy.
]]></system-out>
  </testcase>
  <testcase name="testDemeritOverLimit" classname="PersonTest" time="0.001">
    <system-out><![CDATA[File already exists.
License suspended: true
]]></system-out>
  </testcase>
  <testcase name="testValidFirstAndLastNameChange" classname="PersonTest" time="0.001">
    <system-out><![CDATA[56s_d%&fAB Matthew Kwong 32|Lilac Street|Melbourne|Victoria|Australia 19-11-2006
 Aryan Israni  
]]></system-out>
  </testcase>
  <testcase name="testDemeritUnderlimit" classname="PersonTest" time="0.0">
    <system-out><![CDATA[File already exists.
License suspended: false
]]></system-out>
  </testcase>
  <testcase name="testInvalidAddressFormat" classname="PersonTest" time="0.0"/>
</testsuite>